[17:59:11] [main/INFO] (FabricLoader/GameProvider) Loading Minecraft 1.20.1 with Fabric Loader 0.16.14
[17:59:11] [main/DEBUG] (FabricLoader/GamePatch) Found game constructor: net.minecraft.client.main.Main -> net.minecraft.client.MinecraftClient
[17:59:11] [main/DEBUG] (FabricLoader/GamePatch) Patching game constructor <init>(Lnet/minecraft/client/RunArgs;)V
[17:59:11] [main/DEBUG] (FabricLoader/GamePatch) Run directory field is thought to be net/minecraft/client/MinecraftClient/runDirectory
[17:59:11] [main/DEBUG] (FabricLoader/GamePatch) Applying brand name hook to net/minecraft/client/ClientBrandRetriever::getClientModName
[17:59:11] [main/DEBUG] (FabricLoader/GamePatch) Applying brand name hook to net/minecraft/server/MinecraftServer::getServerModName
[17:59:11] [main/DEBUG] (FabricLoader/Mappings) Loading mappings took 134 ms
[17:59:11] [main/DEBUG] (FabricLoader/GamePatch) Patched 3 classs
[17:59:11] [main/DEBUG] (FabricLoader/Discovery) Mod discovery time: 23,8 ms
[17:59:11] [main/DEBUG] (FabricLoader/Resolution) Mod resolution time: 50,3 ms
[17:59:11] [main/INFO] (FabricLoader) Loading 59 mods:
	- fabric-api 0.92.6+1.20.1
	- fabric-api-base 0.4.32+1802ada577
	- fabric-api-lookup-api-v1 1.6.37+1802ada577
	- fabric-biome-api-v1 13.0.14+1802ada577
	- fabric-block-api-v1 1.0.12+1802ada577
	- fabric-block-view-api-v2 1.0.3+924f046a77
	- fabric-blockrenderlayer-v1 1.1.42+1802ada577
	- fabric-client-tags-api-v1 1.1.3+1802ada577
	- fabric-command-api-v1 1.2.35+f71b366f77
	- fabric-command-api-v2 2.2.14+1802ada577
	- fabric-commands-v0 0.2.52+df3654b377
	- fabric-containers-v0 0.1.67+df3654b377
	- fabric-content-registries-v0 4.0.13+1802ada577
	- fabric-convention-tags-v1 1.5.6+1802ada577
	- fabric-crash-report-info-v1 0.2.20+1802ada577
	- fabric-data-attachment-api-v1 1.0.2+de0fd6d177
	- fabric-data-generation-api-v1 12.3.7+1802ada577
	- fabric-dimensions-v1 2.1.55+1802ada577
	- fabric-entity-events-v1 1.6.1+1c78457f77
	- fabric-events-interaction-v0 0.6.5+13a40c6677
	- fabric-events-lifecycle-v0 0.2.64+df3654b377
	- fabric-game-rule-api-v1 1.0.41+1802ada577
	- fabric-gametest-api-v1 1.2.15+1802ada577
	- fabric-item-api-v1 2.1.29+1802ada577
	- fabric-item-group-api-v1 4.0.14+1802ada577
	- fabric-key-binding-api-v1 1.0.38+1802ada577
	- fabric-keybindings-v0 0.2.36+df3654b377
	- fabric-lifecycle-events-v1 2.2.23+1802ada577
	- fabric-loot-api-v2 1.2.3+1802ada577
	- fabric-loot-tables-v1 1.1.47+9e7660c677
	- fabric-message-api-v1 5.1.10+1802ada577
	- fabric-mining-level-api-v1 2.1.52+1802ada577
	- fabric-model-loading-api-v1 1.0.4+1802ada577
	- fabric-models-v0 0.4.3+9386d8a777
	- fabric-networking-api-v1 1.3.14+a158aa0477
	- fabric-networking-v0 0.3.54+df3654b377
	- fabric-object-builder-api-v1 11.1.5+e35120df77
	- fabric-particles-v1 1.1.3+1802ada577
	- fabric-recipe-api-v1 1.0.24+1802ada577
	- fabric-registry-sync-v0 2.3.6+1802ada577
	- fabric-renderer-api-v1 3.2.2+1802ada577
	- fabric-renderer-indigo 1.5.3+85287f9f77
	- fabric-renderer-registries-v1 3.2.47+df3654b377
	- fabric-rendering-data-attachment-v1 0.3.39+92a0d36777
	- fabric-rendering-fluids-v1 3.0.29+1802ada577
	- fabric-rendering-v0 1.1.50+df3654b377
	- fabric-rendering-v1 3.0.9+1802ada577
	- fabric-resource-conditions-api-v1 2.3.9+1802ada577
	- fabric-resource-loader-v0 0.11.12+fb82e9d777
	- fabric-screen-api-v1 2.0.9+1802ada577
	- fabric-screen-handler-api-v1 1.3.33+1802ada577
	- fabric-sound-api-v1 1.0.14+1802ada577
	- fabric-transfer-api-v1 3.3.6+8dd72ea377
	- fabric-transitive-access-wideners-v1 4.3.2+1802ada577
	- fabricloader 0.16.14
	- java 17
	- minecraft 1.20.1
	- mixinextras 0.4.1
	- mymod 1.0.0
[17:59:11] [main/DEBUG] (FabricLoader/Knot) Adding D:\blockbench\testmod\.gradle\loom-cache\remapped_mods\net_fabricmc_yarn_1_20_1_1_20_1_build_10_v2\net\fabricmc\fabric-api\fabric-screen-handler-api-v1-common\1.3.33+1802ada577\fabric-screen-handler-api-v1-common-1.3.33+1802ada577.jar to classpath.
[17:59:11] [main/DEBUG] (FabricLoader/Knot) Adding D:\blockbench\testmod\.gradle\loom-cache\remapped_mods\net_fabricmc_yarn_1_20_1_1_20_1_build_10_v2\net\fabricmc\fabric-api\fabric-screen-handler-api-v1-client\1.3.33+1802ada577\fabric-screen-handler-api-v1-client-1.3.33+1802ada577.jar to classpath.
[17:59:11] [main/DEBUG] (FabricLoader/Knot) Adding D:\blockbench\testmod\.gradle\loom-cache\remapped_mods\net_fabricmc_yarn_1_20_1_1_20_1_build_10_v2\net\fabricmc\fabric-api\fabric-api-base-common\0.4.32+1802ada577\fabric-api-base-common-0.4.32+1802ada577.jar to classpath.
[17:59:11] [main/DEBUG] (FabricLoader/Knot) Adding D:\blockbench\testmod\.gradle\loom-cache\remapped_mods\net_fabricmc_yarn_1_20_1_1_20_1_build_10_v2\net\fabricmc\fabric-api\fabric-rendering-data-attachment-v1-common\0.3.39+92a0d36777\fabric-rendering-data-attachment-v1-common-0.3.39+92a0d36777.jar to classpath.
[17:59:11] [main/DEBUG] (FabricLoader/Knot) Adding D:\blockbench\testmod\.gradle\loom-cache\remapped_mods\net_fabricmc_yarn_1_20_1_1_20_1_build_10_v2\net\fabricmc\fabric-api\fabric-rendering-data-attachment-v1-client\0.3.39+92a0d36777\fabric-rendering-data-attachment-v1-client-0.3.39+92a0d36777.jar to classpath.
[17:59:11] [main/DEBUG] (FabricLoader/Knot) Adding D:\blockbench\testmod\.gradle\loom-cache\remapped_mods\net_fabricmc_yarn_1_20_1_1_20_1_build_10_v2\net\fabricmc\fabric-api\fabric-resource-conditions-api-v1-common\2.3.9+1802ada577\fabric-resource-conditions-api-v1-common-2.3.9+1802ada577.jar to classpath.
[17:59:11] [main/DEBUG] (FabricLoader/Knot) Adding D:\blockbench\testmod\.gradle\loom-cache\remapped_mods\net_fabricmc_yarn_1_20_1_1_20_1_build_10_v2\net\fabricmc\fabric-api\fabric-message-api-v1-common\5.1.10+1802ada577\fabric-message-api-v1-common-5.1.10+1802ada577.jar to classpath.
[17:59:11] [main/DEBUG] (FabricLoader/Knot) Adding D:\blockbench\testmod\.gradle\loom-cache\remapped_mods\net_fabricmc_yarn_1_20_1_1_20_1_build_10_v2\net\fabricmc\fabric-api\fabric-message-api-v1-client\5.1.10+1802ada577\fabric-message-api-v1-client-5.1.10+1802ada577.jar to classpath.
[17:59:11] [main/DEBUG] (FabricLoader/Knot) Adding D:\blockbench\testmod\.gradle\loom-cache\remapped_mods\net_fabricmc_yarn_1_20_1_1_20_1_build_10_v2\net\fabricmc\fabric-api\fabric-commands-v0-common\0.2.52+df3654b377\fabric-commands-v0-common-0.2.52+df3654b377.jar to classpath.
[17:59:11] [main/DEBUG] (FabricLoader/Knot) Adding D:\blockbench\testmod\.gradle\loom-cache\remapped_mods\net_fabricmc_yarn_1_20_1_1_20_1_build_10_v2\net\fabricmc\fabric-api\fabric-crash-report-info-v1-common\0.2.20+1802ada577\fabric-crash-report-info-v1-common-0.2.20+1802ada577.jar to classpath.
[17:59:11] [main/DEBUG] (FabricLoader/Knot) Adding D:\blockbench\testmod\.gradle\loom-cache\remapped_mods\net_fabricmc_yarn_1_20_1_1_20_1_build_10_v2\net\fabricmc\fabric-api\fabric-rendering-v0-client\1.1.50+df3654b377\fabric-rendering-v0-client-1.1.50+df3654b377.jar to classpath.
[17:59:11] [main/DEBUG] (FabricLoader/Knot) Adding D:\blockbench\testmod\.gradle\loom-cache\remapped_mods\net_fabricmc_yarn_1_20_1_1_20_1_build_10_v2\net\fabricmc\fabric-api\fabric-content-registries-v0-common\4.0.13+1802ada577\fabric-content-registries-v0-common-4.0.13+1802ada577.jar to classpath.
[17:59:11] [main/DEBUG] (FabricLoader/Knot) Adding D:\blockbench\testmod\.gradle\loom-cache\remapped_mods\net_fabricmc_yarn_1_20_1_1_20_1_build_10_v2\net\fabricmc\fabric-api\fabric-recipe-api-v1-common\1.0.24+1802ada577\fabric-recipe-api-v1-common-1.0.24+1802ada577.jar to classpath.
[17:59:11] [main/DEBUG] (FabricLoader/Knot) Adding D:\blockbench\testmod\.gradle\loom-cache\remapped_mods\net_fabricmc_yarn_1_20_1_1_20_1_build_10_v2\net\fabricmc\fabric-api\fabric-recipe-api-v1-client\1.0.24+1802ada577\fabric-recipe-api-v1-client-1.0.24+1802ada577.jar to classpath.
[17:59:11] [main/DEBUG] (FabricLoader/Knot) Adding D:\blockbench\testmod\.gradle\loom-cache\remapped_mods\net_fabricmc_yarn_1_20_1_1_20_1_build_10_v2\net\fabricmc\fabric-api\fabric-biome-api-v1-common\13.0.14+1802ada577\fabric-biome-api-v1-common-13.0.14+1802ada577.jar to classpath.
[17:59:11] [main/DEBUG] (FabricLoader/Knot) Adding D:\blockbench\testmod\.gradle\loom-cache\remapped_mods\net_fabricmc_yarn_1_20_1_1_20_1_build_10_v2\net\fabricmc\fabric-api\fabric-mining-level-api-v1-common\2.1.52+1802ada577\fabric-mining-level-api-v1-common-2.1.52+1802ada577.jar to classpath.
[17:59:11] [main/DEBUG] (FabricLoader/Knot) Adding D:\blockbench\testmod\.gradle\loom-cache\remapped_mods\net_fabricmc_yarn_1_20_1_1_20_1_build_10_v2\net\fabricmc\fabric-api\fabric-rendering-fluids-v1-common\3.0.29+1802ada577\fabric-rendering-fluids-v1-common-3.0.29+1802ada577.jar to classpath.
[17:59:11] [main/DEBUG] (FabricLoader/Knot) Adding D:\blockbench\testmod\.gradle\loom-cache\remapped_mods\net_fabricmc_yarn_1_20_1_1_20_1_build_10_v2\net\fabricmc\fabric-api\fabric-rendering-fluids-v1-client\3.0.29+1802ada577\fabric-rendering-fluids-v1-client-3.0.29+1802ada577.jar to classpath.
[17:59:11] [main/DEBUG] (FabricLoader/Knot) Adding D:\blockbench\testmod\.gradle\loom-cache\remapped_mods\net_fabricmc_yarn_1_20_1_1_20_1_build_10_v2\net\fabricmc\fabric-api\fabric-dimensions-v1-common\2.1.55+1802ada577\fabric-dimensions-v1-common-2.1.55+1802ada577.jar to classpath.
[17:59:11] [main/DEBUG] (FabricLoader/Knot) Adding D:\blockbench\testmod\.gradle\loom-cache\remapped_mods\net_fabricmc_yarn_1_20_1_1_20_1_build_10_v2\net\fabricmc\fabric-api\fabric-command-api-v1-common\1.2.35+f71b366f77\fabric-command-api-v1-common-1.2.35+f71b366f77.jar to classpath.
[17:59:11] [main/DEBUG] (FabricLoader/Knot) Adding D:\blockbench\testmod\.gradle\loom-cache\remapped_mods\net_fabricmc_yarn_1_20_1_1_20_1_build_10_v2\net\fabricmc\fabric-api\fabric-renderer-indigo-client\1.5.3+85287f9f77\fabric-renderer-indigo-client-1.5.3+85287f9f77.jar to classpath.
[17:59:11] [main/DEBUG] (FabricLoader/Knot) Adding D:\blockbench\testmod\.gradle\loom-cache\remapped_mods\net_fabricmc_yarn_1_20_1_1_20_1_build_10_v2\net\fabricmc\fabric-api\fabric-loot-api-v2-common\1.2.3+1802ada577\fabric-loot-api-v2-common-1.2.3+1802ada577.jar to classpath.
[17:59:11] [main/DEBUG] (FabricLoader/Knot) Adding D:\blockbench\testmod\.gradle\loom-cache\remapped_mods\net_fabricmc_yarn_1_20_1_1_20_1_build_10_v2\net\fabricmc\fabric-api\fabric-blockrenderlayer-v1-client\1.1.42+1802ada577\fabric-blockrenderlayer-v1-client-1.1.42+1802ada577.jar to classpath.
[17:59:11] [main/DEBUG] (FabricLoader/Knot) Adding D:\blockbench\testmod\.gradle\loom-cache\remapped_mods\net_fabricmc_yarn_1_20_1_1_20_1_build_10_v2\net\fabricmc\fabric-api\fabric-model-loading-api-v1-client\1.0.4+1802ada577\fabric-model-loading-api-v1-client-1.0.4+1802ada577.jar to classpath.
[17:59:11] [main/DEBUG] (FabricLoader/Knot) Adding D:\blockbench\testmod\.gradle\loom-cache\remapped_mods\net_fabricmc_yarn_1_20_1_1_20_1_build_10_v2\net\fabricmc\fabric-api\fabric-events-lifecycle-v0-common\0.2.64+df3654b377\fabric-events-lifecycle-v0-common-0.2.64+df3654b377.jar to classpath.
[17:59:11] [main/DEBUG] (FabricLoader/Knot) Adding D:\blockbench\testmod\.gradle\loom-cache\remapped_mods\net_fabricmc_yarn_1_20_1_1_20_1_build_10_v2\net\fabricmc\fabric-api\fabric-events-lifecycle-v0-client\0.2.64+df3654b377\fabric-events-lifecycle-v0-client-0.2.64+df3654b377.jar to classpath.
[17:59:11] [main/DEBUG] (FabricLoader/Knot) Adding D:\blockbench\testmod\.gradle\loom-cache\remapped_mods\net_fabricmc_yarn_1_20_1_1_20_1_build_10_v2\net\fabricmc\fabric-api\fabric-events-interaction-v0-common\0.6.5+13a40c6677\fabric-events-interaction-v0-common-0.6.5+13a40c6677.jar to classpath.
[17:59:11] [main/DEBUG] (FabricLoader/Knot) Adding D:\blockbench\testmod\.gradle\loom-cache\remapped_mods\net_fabricmc_yarn_1_20_1_1_20_1_build_10_v2\net\fabricmc\fabric-api\fabric-events-interaction-v0-client\0.6.5+13a40c6677\fabric-events-interaction-v0-client-0.6.5+13a40c6677.jar to classpath.
[17:59:11] [main/DEBUG] (FabricLoader/Knot) Adding D:\blockbench\testmod\.gradle\loom-cache\remapped_mods\net_fabricmc_yarn_1_20_1_1_20_1_build_10_v2\net\fabricmc\fabric-api\fabric-resource-loader-v0-common\0.11.12+fb82e9d777\fabric-resource-loader-v0-common-0.11.12+fb82e9d777.jar to classpath.
[17:59:11] [main/DEBUG] (FabricLoader/Knot) Adding D:\blockbench\testmod\.gradle\loom-cache\remapped_mods\net_fabricmc_yarn_1_20_1_1_20_1_build_10_v2\net\fabricmc\fabric-api\fabric-resource-loader-v0-client\0.11.12+fb82e9d777\fabric-resource-loader-v0-client-0.11.12+fb82e9d777.jar to classpath.
[17:59:11] [main/DEBUG] (FabricLoader/Knot) Adding D:\blockbench\testmod\.gradle\loom-cache\remapped_mods\net_fabricmc_yarn_1_20_1_1_20_1_build_10_v2\net\fabricmc\fabric-api\fabric-rendering-v1-client\3.0.9+1802ada577\fabric-rendering-v1-client-3.0.9+1802ada577.jar to classpath.
[17:59:11] [main/DEBUG] (FabricLoader/Knot) Adding D:\blockbench\testmod\.gradle\loom-cache\remapped_mods\net_fabricmc_yarn_1_20_1_1_20_1_build_10_v2\net\fabricmc\fabric-api\fabric-client-tags-api-v1-client\1.1.3+1802ada577\fabric-client-tags-api-v1-client-1.1.3+1802ada577.jar to classpath.
[17:59:11] [main/DEBUG] (FabricLoader/Knot) Adding D:\blockbench\testmod\.gradle\loom-cache\remapped_mods\net_fabricmc_yarn_1_20_1_1_20_1_build_10_v2\net\fabricmc\fabric-api\fabric-particles-v1-common\1.1.3+1802ada577\fabric-particles-v1-common-1.1.3+1802ada577.jar to classpath.
[17:59:11] [main/DEBUG] (FabricLoader/Knot) Adding D:\blockbench\testmod\.gradle\loom-cache\remapped_mods\net_fabricmc_yarn_1_20_1_1_20_1_build_10_v2\net\fabricmc\fabric-api\fabric-particles-v1-client\1.1.3+1802ada577\fabric-particles-v1-client-1.1.3+1802ada577.jar to classpath.
[17:59:11] [main/DEBUG] (FabricLoader/Knot) Adding D:\blockbench\testmod\.gradle\loom-cache\remapped_mods\net_fabricmc_yarn_1_20_1_1_20_1_build_10_v2\net\fabricmc\fabric-api\fabric-keybindings-v0-client\0.2.36+df3654b377\fabric-keybindings-v0-client-0.2.36+df3654b377.jar to classpath.
[17:59:11] [main/DEBUG] (FabricLoader/Knot) Adding D:\blockbench\testmod\.gradle\loom-cache\remapped_mods\net_fabricmc_yarn_1_20_1_1_20_1_build_10_v2\net\fabricmc\fabric-api\fabric-sound-api-v1-client\1.0.14+1802ada577\fabric-sound-api-v1-client-1.0.14+1802ada577.jar to classpath.
[17:59:11] [main/DEBUG] (FabricLoader/Knot) Adding D:\blockbench\testmod\.gradle\loom-cache\remapped_mods\net_fabricmc_yarn_1_20_1_1_20_1_build_10_v2\net\fabricmc\fabric-api\fabric-lifecycle-events-v1-common\2.2.23+1802ada577\fabric-lifecycle-events-v1-common-2.2.23+1802ada577.jar to classpath.
[17:59:11] [main/DEBUG] (FabricLoader/Knot) Adding D:\blockbench\testmod\.gradle\loom-cache\remapped_mods\net_fabricmc_yarn_1_20_1_1_20_1_build_10_v2\net\fabricmc\fabric-api\fabric-lifecycle-events-v1-client\2.2.23+1802ada577\fabric-lifecycle-events-v1-client-2.2.23+1802ada577.jar to classpath.
[17:59:11] [main/DEBUG] (FabricLoader/Knot) Adding D:\blockbench\testmod\.gradle\loom-cache\remapped_mods\net_fabricmc_yarn_1_20_1_1_20_1_build_10_v2\net\fabricmc\fabric-api\fabric-block-api-v1-common\1.0.12+1802ada577\fabric-block-api-v1-common-1.0.12+1802ada577.jar to classpath.
[17:59:11] [main/DEBUG] (FabricLoader/Knot) Adding D:\blockbench\testmod\.gradle\loom-cache\remapped_mods\net_fabricmc_yarn_1_20_1_1_20_1_build_10_v2\net\fabricmc\fabric-api\fabric-convention-tags-v1-common\1.5.6+1802ada577\fabric-convention-tags-v1-common-1.5.6+1802ada577.jar to classpath.
[17:59:11] [main/DEBUG] (FabricLoader/Knot) Adding D:\blockbench\testmod\.gradle\loom-cache\remapped_mods\net_fabricmc_yarn_1_20_1_1_20_1_build_10_v2\net\fabricmc\fabric-api\fabric-api-lookup-api-v1-common\1.6.37+1802ada577\fabric-api-lookup-api-v1-common-1.6.37+1802ada577.jar to classpath.
[17:59:11] [main/DEBUG] (FabricLoader/Knot) Adding D:\blockbench\testmod\.gradle\loom-cache\remapped_mods\net_fabricmc_yarn_1_20_1_1_20_1_build_10_v2\net\fabricmc\fabric-api\fabric-object-builder-api-v1-common\11.1.5+e35120df77\fabric-object-builder-api-v1-common-11.1.5+e35120df77.jar to classpath.
[17:59:11] [main/DEBUG] (FabricLoader/Knot) Adding D:\blockbench\testmod\.gradle\loom-cache\remapped_mods\net_fabricmc_yarn_1_20_1_1_20_1_build_10_v2\net\fabricmc\fabric-api\fabric-object-builder-api-v1-client\11.1.5+e35120df77\fabric-object-builder-api-v1-client-11.1.5+e35120df77.jar to classpath.
[17:59:11] [main/DEBUG] (FabricLoader/Knot) Adding D:\blockbench\testmod\.gradle\loom-cache\remapped_mods\net_fabricmc_yarn_1_20_1_1_20_1_build_10_v2\net\fabricmc\fabric-api\fabric-renderer-api-v1-client\3.2.2+1802ada577\fabric-renderer-api-v1-client-3.2.2+1802ada577.jar to classpath.
[17:59:11] [main/DEBUG] (FabricLoader/Knot) Adding D:\blockbench\testmod\.gradle\loom-cache\remapped_mods\net_fabricmc_yarn_1_20_1_1_20_1_build_10_v2\net\fabricmc\fabric-api\fabric-game-rule-api-v1-common\1.0.41+1802ada577\fabric-game-rule-api-v1-common-1.0.41+1802ada577.jar to classpath.
[17:59:11] [main/DEBUG] (FabricLoader/Knot) Adding D:\blockbench\testmod\.gradle\loom-cache\remapped_mods\net_fabricmc_yarn_1_20_1_1_20_1_build_10_v2\net\fabricmc\fabric-api\fabric-game-rule-api-v1-client\1.0.41+1802ada577\fabric-game-rule-api-v1-client-1.0.41+1802ada577.jar to classpath.
[17:59:11] [main/DEBUG] (FabricLoader/Knot) Adding D:\blockbench\testmod\.gradle\loom-cache\remapped_mods\net_fabricmc_yarn_1_20_1_1_20_1_build_10_v2\net\fabricmc\fabric-api\fabric-item-group-api-v1-common\4.0.14+1802ada577\fabric-item-group-api-v1-common-4.0.14+1802ada577.jar to classpath.
[17:59:11] [main/DEBUG] (FabricLoader/Knot) Adding D:\blockbench\testmod\.gradle\loom-cache\remapped_mods\net_fabricmc_yarn_1_20_1_1_20_1_build_10_v2\net\fabricmc\fabric-api\fabric-item-group-api-v1-client\4.0.14+1802ada577\fabric-item-group-api-v1-client-4.0.14+1802ada577.jar to classpath.
[17:59:11] [main/DEBUG] (FabricLoader/Knot) Adding D:\blockbench\testmod\.gradle\loom-cache\remapped_mods\net_fabricmc_yarn_1_20_1_1_20_1_build_10_v2\net\fabricmc\fabric-api\fabric-entity-events-v1-common\1.6.1+1c78457f77\fabric-entity-events-v1-common-1.6.1+1c78457f77.jar to classpath.
[17:59:11] [main/DEBUG] (FabricLoader/Knot) Adding D:\blockbench\testmod\.gradle\loom-cache\remapped_mods\net_fabricmc_yarn_1_20_1_1_20_1_build_10_v2\net\fabricmc\fabric-api\fabric-entity-events-v1-client\1.6.1+1c78457f77\fabric-entity-events-v1-client-1.6.1+1c78457f77.jar to classpath.
[17:59:11] [main/DEBUG] (FabricLoader/Knot) Adding D:\blockbench\testmod\.gradle\loom-cache\remapped_mods\net_fabricmc_yarn_1_20_1_1_20_1_build_10_v2\net\fabricmc\fabric-api\fabric-key-binding-api-v1-client\1.0.38+1802ada577\fabric-key-binding-api-v1-client-1.0.38+1802ada577.jar to classpath.
[17:59:11] [main/DEBUG] (FabricLoader/Knot) Adding D:\blockbench\testmod\.gradle\loom-cache\remapped_mods\net_fabricmc_yarn_1_20_1_1_20_1_build_10_v2\net\fabricmc\fabric-api\fabric-block-view-api-v2-common\1.0.3+924f046a77\fabric-block-view-api-v2-common-1.0.3+924f046a77.jar to classpath.
[17:59:11] [main/DEBUG] (FabricLoader/Knot) Adding D:\blockbench\testmod\.gradle\loom-cache\remapped_mods\net_fabricmc_yarn_1_20_1_1_20_1_build_10_v2\net\fabricmc\fabric-api\fabric-block-view-api-v2-client\1.0.3+924f046a77\fabric-block-view-api-v2-client-1.0.3+924f046a77.jar to classpath.
[17:59:11] [main/DEBUG] (FabricLoader/Knot) Adding D:\blockbench\testmod\.gradle\loom-cache\remapped_mods\net_fabricmc_yarn_1_20_1_1_20_1_build_10_v2\net\fabricmc\fabric-api\fabric-networking-api-v1-common\1.3.14+a158aa0477\fabric-networking-api-v1-common-1.3.14+a158aa0477.jar to classpath.
[17:59:11] [main/DEBUG] (FabricLoader/Knot) Adding D:\blockbench\testmod\.gradle\loom-cache\remapped_mods\net_fabricmc_yarn_1_20_1_1_20_1_build_10_v2\net\fabricmc\fabric-api\fabric-networking-api-v1-client\1.3.14+a158aa0477\fabric-networking-api-v1-client-1.3.14+a158aa0477.jar to classpath.
[17:59:11] [main/DEBUG] (FabricLoader/Knot) Adding D:\blockbench\testmod\.gradle\loom-cache\remapped_mods\net_fabricmc_yarn_1_20_1_1_20_1_build_10_v2\net\fabricmc\fabric-api\fabric-api-common\0.92.6+1.20.1\fabric-api-common-0.92.6+1.20.1.jar to classpath.
[17:59:11] [main/DEBUG] (FabricLoader/Knot) Adding D:\blockbench\testmod\.gradle\loom-cache\remapped_mods\net_fabricmc_yarn_1_20_1_1_20_1_build_10_v2\net\fabricmc\fabric-api\fabric-transitive-access-wideners-v1-common\4.3.2+1802ada577\fabric-transitive-access-wideners-v1-common-4.3.2+1802ada577.jar to classpath.
[17:59:11] [main/DEBUG] (FabricLoader/Knot) Adding D:\blockbench\testmod\.gradle\loom-cache\remapped_mods\net_fabricmc_yarn_1_20_1_1_20_1_build_10_v2\net\fabricmc\fabric-api\fabric-item-api-v1-common\2.1.29+1802ada577\fabric-item-api-v1-common-2.1.29+1802ada577.jar to classpath.
[17:59:11] [main/DEBUG] (FabricLoader/Knot) Adding D:\blockbench\testmod\.gradle\loom-cache\remapped_mods\net_fabricmc_yarn_1_20_1_1_20_1_build_10_v2\net\fabricmc\fabric-api\fabric-item-api-v1-client\2.1.29+1802ada577\fabric-item-api-v1-client-2.1.29+1802ada577.jar to classpath.
[17:59:11] [main/DEBUG] (FabricLoader/Knot) Adding D:\blockbench\testmod\.gradle\loom-cache\remapped_mods\net_fabricmc_yarn_1_20_1_1_20_1_build_10_v2\net\fabricmc\fabric-api\fabric-networking-v0-common\0.3.54+df3654b377\fabric-networking-v0-common-0.3.54+df3654b377.jar to classpath.
[17:59:11] [main/DEBUG] (FabricLoader/Knot) Adding D:\blockbench\testmod\.gradle\loom-cache\remapped_mods\net_fabricmc_yarn_1_20_1_1_20_1_build_10_v2\net\fabricmc\fabric-api\fabric-networking-v0-client\0.3.54+df3654b377\fabric-networking-v0-client-0.3.54+df3654b377.jar to classpath.
[17:59:11] [main/DEBUG] (FabricLoader/Knot) Adding D:\blockbench\testmod\.gradle\loom-cache\remapped_mods\net_fabricmc_yarn_1_20_1_1_20_1_build_10_v2\net\fabricmc\fabric-api\fabric-renderer-registries-v1-client\3.2.47+df3654b377\fabric-renderer-registries-v1-client-3.2.47+df3654b377.jar to classpath.
[17:59:11] [main/DEBUG] (FabricLoader/Knot) Adding D:\blockbench\testmod\.gradle\loom-cache\remapped_mods\net_fabricmc_yarn_1_20_1_1_20_1_build_10_v2\net\fabricmc\fabric-api\fabric-command-api-v2-common\2.2.14+1802ada577\fabric-command-api-v2-common-2.2.14+1802ada577.jar to classpath.
[17:59:11] [main/DEBUG] (FabricLoader/Knot) Adding D:\blockbench\testmod\.gradle\loom-cache\remapped_mods\net_fabricmc_yarn_1_20_1_1_20_1_build_10_v2\net\fabricmc\fabric-api\fabric-command-api-v2-client\2.2.14+1802ada577\fabric-command-api-v2-client-2.2.14+1802ada577.jar to classpath.
[17:59:11] [main/DEBUG] (FabricLoader/Knot) Adding D:\blockbench\testmod\.gradle\loom-cache\remapped_mods\net_fabricmc_yarn_1_20_1_1_20_1_build_10_v2\net\fabricmc\fabric-api\fabric-loot-tables-v1-common\1.1.47+9e7660c677\fabric-loot-tables-v1-common-1.1.47+9e7660c677.jar to classpath.
[17:59:11] [main/DEBUG] (FabricLoader/Knot) Adding D:\blockbench\testmod\.gradle\loom-cache\remapped_mods\net_fabricmc_yarn_1_20_1_1_20_1_build_10_v2\net\fabricmc\fabric-api\fabric-containers-v0-common\0.1.67+df3654b377\fabric-containers-v0-common-0.1.67+df3654b377.jar to classpath.
[17:59:11] [main/DEBUG] (FabricLoader/Knot) Adding D:\blockbench\testmod\.gradle\loom-cache\remapped_mods\net_fabricmc_yarn_1_20_1_1_20_1_build_10_v2\net\fabricmc\fabric-api\fabric-containers-v0-client\0.1.67+df3654b377\fabric-containers-v0-client-0.1.67+df3654b377.jar to classpath.
[17:59:11] [main/DEBUG] (FabricLoader/Knot) Adding D:\blockbench\testmod\.gradle\loom-cache\remapped_mods\net_fabricmc_yarn_1_20_1_1_20_1_build_10_v2\net\fabricmc\fabric-api\fabric-transfer-api-v1-common\3.3.6+8dd72ea377\fabric-transfer-api-v1-common-3.3.6+8dd72ea377.jar to classpath.
[17:59:11] [main/DEBUG] (FabricLoader/Knot) Adding D:\blockbench\testmod\.gradle\loom-cache\remapped_mods\net_fabricmc_yarn_1_20_1_1_20_1_build_10_v2\net\fabricmc\fabric-api\fabric-transfer-api-v1-client\3.3.6+8dd72ea377\fabric-transfer-api-v1-client-3.3.6+8dd72ea377.jar to classpath.
[17:59:11] [main/DEBUG] (FabricLoader/Knot) Adding C:\Users\danil\.gradle\caches\modules-2\files-2.1\io.github.llamalad7\mixinextras-fabric\0.4.1\8d1a9e96afb990367fa1f904d17580d164da72e3\mixinextras-fabric-0.4.1.jar to classpath.
[17:59:11] [main/DEBUG] (FabricLoader/Knot) Adding D:\blockbench\testmod\.gradle\loom-cache\remapped_mods\net_fabricmc_yarn_1_20_1_1_20_1_build_10_v2\net\fabricmc\fabric-api\fabric-screen-api-v1-client\2.0.9+1802ada577\fabric-screen-api-v1-client-2.0.9+1802ada577.jar to classpath.
[17:59:11] [main/DEBUG] (FabricLoader/Knot) Adding D:\blockbench\testmod\.gradle\loom-cache\remapped_mods\net_fabricmc_yarn_1_20_1_1_20_1_build_10_v2\net\fabricmc\fabric-api\fabric-registry-sync-v0-common\2.3.6+1802ada577\fabric-registry-sync-v0-common-2.3.6+1802ada577.jar to classpath.
[17:59:11] [main/DEBUG] (FabricLoader/Knot) Adding D:\blockbench\testmod\.gradle\loom-cache\remapped_mods\net_fabricmc_yarn_1_20_1_1_20_1_build_10_v2\net\fabricmc\fabric-api\fabric-registry-sync-v0-client\2.3.6+1802ada577\fabric-registry-sync-v0-client-2.3.6+1802ada577.jar to classpath.
[17:59:11] [main/DEBUG] (FabricLoader/Knot) Adding D:\blockbench\testmod\build\classes\java\main to classpath.
[17:59:11] [main/DEBUG] (FabricLoader/Knot) Adding D:\blockbench\testmod\build\resources\main to classpath.
[17:59:11] [main/DEBUG] (FabricLoader/Knot) Adding D:\blockbench\testmod\build\classes\java\client to classpath.
[17:59:11] [main/DEBUG] (FabricLoader/Knot) Adding D:\blockbench\testmod\build\resources\client to classpath.
[17:59:11] [main/DEBUG] (FabricLoader/Knot) Adding D:\blockbench\testmod\.gradle\loom-cache\remapped_mods\net_fabricmc_yarn_1_20_1_1_20_1_build_10_v2\net\fabricmc\fabric-api\fabric-data-attachment-api-v1-common\1.0.2+de0fd6d177\fabric-data-attachment-api-v1-common-1.0.2+de0fd6d177.jar to classpath.
[17:59:11] [main/DEBUG] (FabricLoader/Knot) Adding D:\blockbench\testmod\.gradle\loom-cache\remapped_mods\net_fabricmc_yarn_1_20_1_1_20_1_build_10_v2\net\fabricmc\fabric-api\fabric-data-attachment-api-v1-client\1.0.2+de0fd6d177\fabric-data-attachment-api-v1-client-1.0.2+de0fd6d177.jar to classpath.
[17:59:11] [main/DEBUG] (FabricLoader/Knot) Adding D:\blockbench\testmod\.gradle\loom-cache\remapped_mods\net_fabricmc_yarn_1_20_1_1_20_1_build_10_v2\net\fabricmc\fabric-api\fabric-models-v0-client\0.4.3+9386d8a777\fabric-models-v0-client-0.4.3+9386d8a777.jar to classpath.
[17:59:11] [main/DEBUG] (FabricLoader/Knot) Adding D:\blockbench\testmod\.gradle\loom-cache\remapped_mods\net_fabricmc_yarn_1_20_1_1_20_1_build_10_v2\net\fabricmc\fabric-api\fabric-gametest-api-v1-common\1.2.15+1802ada577\fabric-gametest-api-v1-common-1.2.15+1802ada577.jar to classpath.
[17:59:11] [main/DEBUG] (FabricLoader/Knot) Adding D:\blockbench\testmod\.gradle\loom-cache\remapped_mods\net_fabricmc_yarn_1_20_1_1_20_1_build_10_v2\net\fabricmc\fabric-api\fabric-data-generation-api-v1-common\12.3.7+1802ada577\fabric-data-generation-api-v1-common-12.3.7+1802ada577.jar to classpath.
[17:59:11] [main/DEBUG] (FabricLoader/Knot) Adding D:\blockbench\testmod\.gradle\loom-cache\remapped_mods\net_fabricmc_yarn_1_20_1_1_20_1_build_10_v2\net\fabricmc\fabric-api\fabric-data-generation-api-v1-client\12.3.7+1802ada577\fabric-data-generation-api-v1-client-12.3.7+1802ada577.jar to classpath.
[17:59:11] [main/DEBUG] (FabricLoader/Entrypoint) Registering new-style initializer net.fabricmc.fabric.impl.screenhandler.client.ClientNetworking for mod fabric-screen-handler-api-v1 (key client)
[17:59:11] [main/DEBUG] (FabricLoader/Entrypoint) Registering new-style initializer net.fabricmc.fabric.impl.client.rendering.v0.RenderingCallbackInvoker for mod fabric-rendering-v0 (key client)
[17:59:11] [main/DEBUG] (FabricLoader/Entrypoint) Registering new-style initializer net.fabricmc.fabric.impl.recipe.ingredient.client.CustomIngredientSyncClient for mod fabric-recipe-api-v1 (key client)
[17:59:11] [main/DEBUG] (FabricLoader/Entrypoint) Registering new-style initializer net.fabricmc.fabric.impl.recipe.ingredient.CustomIngredientInit for mod fabric-recipe-api-v1 (key main)
[17:59:11] [main/DEBUG] (FabricLoader/Entrypoint) Registering new-style initializer net.fabricmc.fabric.impl.recipe.ingredient.CustomIngredientSync for mod fabric-recipe-api-v1 (key main)
[17:59:11] [main/DEBUG] (FabricLoader/Entrypoint) Registering new-style initializer net.fabricmc.fabric.impl.command.v1.LegacyHandler for mod fabric-command-api-v1 (key main)
[17:59:11] [main/DEBUG] (FabricLoader/Entrypoint) Registering new-style initializer net.fabricmc.fabric.impl.client.indigo.Indigo for mod fabric-renderer-indigo (key client)
[17:59:11] [main/DEBUG] (FabricLoader/Entrypoint) Registering new-style initializer net.fabricmc.fabric.impl.event.lifecycle.v0.client.LegacyClientEventInvokers for mod fabric-events-lifecycle-v0 (key client)
[17:59:11] [main/DEBUG] (FabricLoader/Entrypoint) Registering new-style initializer net.fabricmc.fabric.impl.event.lifecycle.v0.LegacyEventInvokers for mod fabric-events-lifecycle-v0 (key main)
[17:59:11] [main/DEBUG] (FabricLoader/Entrypoint) Registering new-style initializer net.fabricmc.fabric.impl.event.interaction.InteractionEventsRouterClient for mod fabric-events-interaction-v0 (key client)
[17:59:11] [main/DEBUG] (FabricLoader/Entrypoint) Registering new-style initializer net.fabricmc.fabric.impl.event.interaction.InteractionEventsRouter for mod fabric-events-interaction-v0 (key main)
[17:59:11] [main/DEBUG] (FabricLoader/Entrypoint) Registering new-style initializer net.fabricmc.fabric.impl.client.event.lifecycle.ClientLifecycleEventsImpl for mod fabric-lifecycle-events-v1 (key client)
[17:59:11] [main/DEBUG] (FabricLoader/Entrypoint) Registering new-style initializer net.fabricmc.fabric.impl.event.lifecycle.LifecycleEventsImpl for mod fabric-lifecycle-events-v1 (key main)
[17:59:11] [main/DEBUG] (FabricLoader/Entrypoint) Registering new-style initializer net.fabricmc.fabric.impl.lookup.ApiLookupImpl for mod fabric-api-lookup-api-v1 (key main)
[17:59:11] [main/DEBUG] (FabricLoader/Entrypoint) Registering new-style initializer net.fabricmc.fabric.impl.networking.client.ClientNetworkingImpl::clientInit for mod fabric-networking-api-v1 (key client)
[17:59:11] [main/DEBUG] (FabricLoader/Entrypoint) Registering new-style initializer net.fabricmc.fabric.impl.networking.NetworkingImpl::init for mod fabric-networking-api-v1 (key main)
[17:59:11] [main/DEBUG] (FabricLoader/Entrypoint) Registering new-style initializer net.fabricmc.fabric.impl.client.networking.v0.OldClientNetworkingHooks for mod fabric-networking-v0 (key client)
[17:59:11] [main/DEBUG] (FabricLoader/Entrypoint) Registering new-style initializer net.fabricmc.fabric.impl.networking.v0.OldNetworkingHooks for mod fabric-networking-v0 (key main)
[17:59:11] [main/DEBUG] (FabricLoader/Entrypoint) Registering new-style initializer net.fabricmc.fabric.impl.loot.table.LootTablesV1Init for mod fabric-loot-tables-v1 (key main)
[17:59:11] [main/DEBUG] (FabricLoader/Entrypoint) Registering new-style initializer net.fabricmc.fabric.impl.client.container.ScreenProviderRegistryImpl::init for mod fabric-containers-v0 (key client)
[17:59:11] [main/DEBUG] (FabricLoader/Entrypoint) Registering new-style initializer net.fabricmc.fabric.impl.client.registry.sync.FabricRegistryClientInit for mod fabric-registry-sync-v0 (key client)
[17:59:11] [main/DEBUG] (FabricLoader/Entrypoint) Registering new-style initializer net.fabricmc.fabric.impl.registry.sync.FabricRegistryInit for mod fabric-registry-sync-v0 (key main)
[17:59:11] [main/DEBUG] (FabricLoader/Entrypoint) Registering new-style initializer com.example.ExampleModClient for mod mymod (key client)
[17:59:11] [main/DEBUG] (FabricLoader/Entrypoint) Registering new-style initializer com.example.ExampleMod for mod mymod (key main)
[17:59:11] [main/DEBUG] (FabricLoader/Entrypoint) Registering new-style initializer net.fabricmc.fabric.impl.attachment.AttachmentEntrypoint for mod fabric-data-attachment-api-v1 (key main)
[17:59:11] [main/DEBUG] (FabricLoader/Entrypoint) Registering new-style initializer net.fabricmc.fabric.impl.gametest.FabricGameTestModInitializer for mod fabric-gametest-api-v1 (key main)
[17:59:11] [main/INFO] (FabricLoader/Mixin) SpongePowered MIXIN Subsystem Version=0.8.7 Source=file:/C:/Users/danil/.gradle/caches/modules-2/files-2.1/net.fabricmc/sponge-mixin/0.15.5+mixin.0.8.7/22f9eb729e216a091673a574a5906dc1b9027fb3/sponge-mixin-0.15.5+mixin.0.8.7.jar Service=Knot/Fabric Env=CLIENT
[17:59:11] [main/DEBUG] (FabricLoader/Mixin) Initialising Mixin Platform Manager
[17:59:11] [main/DEBUG] (FabricLoader/Mixin) Adding mixin platform agents for container ContainerHandleURI(file:///C:/Users/danil/.gradle/caches/modules-2/files-2.1/net.fabricmc/fabric-loader/0.16.14/5778d47f536bf2c63ed2abc1a56f5a1c129e34a/fabric-loader-0.16.14.jar)
[17:59:11] [main/DEBUG] (FabricLoader/Mixin) Instancing new MixinPlatformAgentDefault for ContainerHandleURI(file:///C:/Users/danil/.gradle/caches/modules-2/files-2.1/net.fabricmc/fabric-loader/0.16.14/5778d47f536bf2c63ed2abc1a56f5a1c129e34a/fabric-loader-0.16.14.jar)
[17:59:11] [main/DEBUG] (FabricLoader/Mixin) MixinPlatformAgentDefault accepted container ContainerHandleURI(file:///C:/Users/danil/.gradle/caches/modules-2/files-2.1/net.fabricmc/fabric-loader/0.16.14/5778d47f536bf2c63ed2abc1a56f5a1c129e34a/fabric-loader-0.16.14.jar)
[17:59:11] [main/DEBUG] (FabricLoader/Mixin) Instancing new MixinPlatformAgentDefault for ContainerHandleURI(file:///C:/Users/danil/.gradle/caches/modules-2/files-2.1/net.fabricmc/fabric-loader/0.16.14/5778d47f536bf2c63ed2abc1a56f5a1c129e34a/fabric-loader-0.16.14.jar)
[17:59:11] [main/DEBUG] (FabricLoader/Mixin) MixinPlatformAgentDefault accepted container ContainerHandleURI(file:///C:/Users/danil/.gradle/caches/modules-2/files-2.1/net.fabricmc/fabric-loader/0.16.14/5778d47f536bf2c63ed2abc1a56f5a1c129e34a/fabric-loader-0.16.14.jar)
[17:59:11] [main/DEBUG] (FabricLoader/Mixin) Processing prepare() for PlatformAgent[MixinPlatformAgentDefault:ContainerHandleURI(file:///C:/Users/danil/.gradle/caches/modules-2/files-2.1/net.fabricmc/fabric-loader/0.16.14/5778d47f536bf2c63ed2abc1a56f5a1c129e34a/fabric-loader-0.16.14.jar)]
[17:59:11] [main/DEBUG] (FabricLoader/Mixin) Processing prepare() for PlatformAgent[MixinPlatformAgentDefault:ContainerHandleURI(file:///C:/Users/danil/.gradle/caches/modules-2/files-2.1/net.fabricmc/fabric-loader/0.16.14/5778d47f536bf2c63ed2abc1a56f5a1c129e34a/fabric-loader-0.16.14.jar)]
[17:59:11] [main/INFO] (FabricLoader/Mixin) Loaded Fabric development mappings for mixin remapper!
[17:59:11] [main/DEBUG] (FabricLoader/Mixin) Compatibility level JAVA_16 specified by fabric-screen-handler-api-v1.mixins.json is higher than the maximum level supported by this version of mixin (JAVA_13).
[17:59:11] [main/INFO] (FabricLoader/Mixin) Compatibility level set to JAVA_16
[17:59:11] [main/DEBUG] (FabricLoader/Mixin) Mixin config fabric-screen-handler-api-v1.mixins.json does not specify "minVersion" or "requiredFeatures" property
[17:59:11] [main/DEBUG] (FabricLoader/Mixin) Compatibility level JAVA_17 specified by fabric-rendering-data-attachment-v1.mixins.json is higher than the maximum level supported by this version of mixin (JAVA_13).
[17:59:11] [main/INFO] (FabricLoader/Mixin) Compatibility level set to JAVA_17
[17:59:11] [main/DEBUG] (FabricLoader/Mixin) Mixin config fabric-rendering-data-attachment-v1.mixins.json does not specify "minVersion" or "requiredFeatures" property
[17:59:11] [main/DEBUG] (FabricLoader/Mixin) Mixin config fabric-rendering-data-attachment-v1.client.mixins.json does not specify "minVersion" or "requiredFeatures" property
[17:59:11] [main/DEBUG] (FabricLoader/Mixin) Compatibility level JAVA_16 specified by fabric-resource-conditions-api-v1.mixins.json is higher than the maximum level supported by this version of mixin (JAVA_13).
[17:59:11] [main/DEBUG] (FabricLoader/Mixin) Mixin config fabric-resource-conditions-api-v1.mixins.json does not specify "minVersion" or "requiredFeatures" property
[17:59:11] [main/DEBUG] (FabricLoader/Mixin) Compatibility level JAVA_16 specified by fabric-message-api-v1.mixins.json is higher than the maximum level supported by this version of mixin (JAVA_13).
[17:59:11] [main/DEBUG] (FabricLoader/Mixin) Mixin config fabric-message-api-v1.mixins.json does not specify "minVersion" or "requiredFeatures" property
[17:59:11] [main/DEBUG] (FabricLoader/Mixin) Mixin config fabric-message-api-v1.client.mixins.json does not specify "minVersion" or "requiredFeatures" property
[17:59:11] [main/DEBUG] (FabricLoader/Mixin) Compatibility level JAVA_16 specified by fabric-crash-report-info-v1.mixins.json is higher than the maximum level supported by this version of mixin (JAVA_13).
[17:59:11] [main/DEBUG] (FabricLoader/Mixin) Mixin config fabric-crash-report-info-v1.mixins.json does not specify "minVersion" or "requiredFeatures" property
[17:59:11] [main/DEBUG] (FabricLoader/Mixin) Compatibility level JAVA_16 specified by fabric-content-registries-v0.mixins.json is higher than the maximum level supported by this version of mixin (JAVA_13).
[17:59:11] [main/DEBUG] (FabricLoader/Mixin) Mixin config fabric-content-registries-v0.mixins.json does not specify "minVersion" or "requiredFeatures" property
[17:59:11] [main/DEBUG] (FabricLoader/Mixin) Mixin config fabric-recipe-api-v1.mixins.json does not specify "minVersion" or "requiredFeatures" property
[17:59:11] [main/DEBUG] (FabricLoader/Mixin) Compatibility level JAVA_16 specified by fabric-biome-api-v1.mixins.json is higher than the maximum level supported by this version of mixin (JAVA_13).
[17:59:11] [main/DEBUG] (FabricLoader/Mixin) Mixin config fabric-biome-api-v1.mixins.json does not specify "minVersion" or "requiredFeatures" property
[17:59:11] [main/DEBUG] (FabricLoader/Mixin) Compatibility level JAVA_16 specified by fabric-mining-level-api-v1.mixins.json is higher than the maximum level supported by this version of mixin (JAVA_13).
[17:59:11] [main/DEBUG] (FabricLoader/Mixin) Mixin config fabric-mining-level-api-v1.mixins.json does not specify "minVersion" or "requiredFeatures" property
[17:59:11] [main/DEBUG] (FabricLoader/Mixin) Compatibility level JAVA_16 specified by fabric-rendering-fluids-v1.mixins.json is higher than the maximum level supported by this version of mixin (JAVA_13).
[17:59:11] [main/DEBUG] (FabricLoader/Mixin) Mixin config fabric-rendering-fluids-v1.mixins.json does not specify "minVersion" or "requiredFeatures" property
[17:59:11] [main/DEBUG] (FabricLoader/Mixin) Compatibility level JAVA_16 specified by fabric-dimensions-v1.mixins.json is higher than the maximum level supported by this version of mixin (JAVA_13).
[17:59:11] [main/DEBUG] (FabricLoader/Mixin) Mixin config fabric-dimensions-v1.mixins.json does not specify "minVersion" or "requiredFeatures" property
[17:59:11] [main/DEBUG] (FabricLoader/Mixin) Compatibility level JAVA_16 specified by fabric-renderer-indigo.mixins.json is higher than the maximum level supported by this version of mixin (JAVA_13).
[17:59:11] [main/DEBUG] (FabricLoader/Mixin) Mixin config fabric-renderer-indigo.mixins.json does not specify "minVersion" or "requiredFeatures" property
[17:59:11] [main/DEBUG] (FabricLoader/Mixin) Mixin config fabric-loot-api-v2.mixins.json does not specify "minVersion" or "requiredFeatures" property
[17:59:11] [main/DEBUG] (FabricLoader/Mixin) Compatibility level JAVA_16 specified by fabric-blockrenderlayer-v1.mixins.json is higher than the maximum level supported by this version of mixin (JAVA_13).
[17:59:11] [main/DEBUG] (FabricLoader/Mixin) Mixin config fabric-blockrenderlayer-v1.mixins.json does not specify "minVersion" or "requiredFeatures" property
[17:59:11] [main/DEBUG] (FabricLoader/Mixin) Mixin config fabric-model-loading-api-v1.mixins.json does not specify "minVersion" or "requiredFeatures" property
[17:59:11] [main/DEBUG] (FabricLoader/Mixin) Compatibility level JAVA_16 specified by fabric-events-interaction-v0.mixins.json is higher than the maximum level supported by this version of mixin (JAVA_13).
[17:59:11] [main/DEBUG] (FabricLoader/Mixin) Mixin config fabric-events-interaction-v0.mixins.json does not specify "minVersion" or "requiredFeatures" property
[17:59:11] [main/DEBUG] (FabricLoader/Mixin) Compatibility level JAVA_16 specified by fabric-events-interaction-v0.client.mixins.json is higher than the maximum level supported by this version of mixin (JAVA_13).
[17:59:11] [main/DEBUG] (FabricLoader/Mixin) Mixin config fabric-events-interaction-v0.client.mixins.json does not specify "minVersion" or "requiredFeatures" property
[17:59:11] [main/DEBUG] (FabricLoader/Mixin) Compatibility level JAVA_16 specified by fabric-resource-loader-v0.mixins.json is higher than the maximum level supported by this version of mixin (JAVA_13).
[17:59:11] [main/DEBUG] (FabricLoader/Mixin) Mixin config fabric-resource-loader-v0.mixins.json does not specify "minVersion" or "requiredFeatures" property
[17:59:11] [main/DEBUG] (FabricLoader/Mixin) Compatibility level JAVA_16 specified by fabric-resource-loader-v0.client.mixins.json is higher than the maximum level supported by this version of mixin (JAVA_13).
[17:59:11] [main/DEBUG] (FabricLoader/Mixin) Mixin config fabric-resource-loader-v0.client.mixins.json does not specify "minVersion" or "requiredFeatures" property
[17:59:11] [main/DEBUG] (FabricLoader/Mixin) Compatibility level JAVA_16 specified by fabric-rendering-v1.mixins.json is higher than the maximum level supported by this version of mixin (JAVA_13).
[17:59:11] [main/DEBUG] (FabricLoader/Mixin) Mixin config fabric-rendering-v1.mixins.json does not specify "minVersion" or "requiredFeatures" property
[17:59:11] [main/DEBUG] (FabricLoader/Mixin) Compatibility level JAVA_16 specified by fabric-particles-v1.client.mixins.json is higher than the maximum level supported by this version of mixin (JAVA_13).
[17:59:11] [main/DEBUG] (FabricLoader/Mixin) Mixin config fabric-particles-v1.client.mixins.json does not specify "minVersion" or "requiredFeatures" property
[17:59:11] [main/DEBUG] (FabricLoader/Mixin) Mixin config fabric-sound-api-v1.mixins.json does not specify "minVersion" or "requiredFeatures" property
[17:59:11] [main/DEBUG] (FabricLoader/Mixin) Compatibility level JAVA_16 specified by fabric-lifecycle-events-v1.mixins.json is higher than the maximum level supported by this version of mixin (JAVA_13).
[17:59:11] [main/DEBUG] (FabricLoader/Mixin) Mixin config fabric-lifecycle-events-v1.mixins.json does not specify "minVersion" or "requiredFeatures" property
[17:59:11] [main/DEBUG] (FabricLoader/Mixin) Compatibility level JAVA_16 specified by fabric-lifecycle-events-v1.client.mixins.json is higher than the maximum level supported by this version of mixin (JAVA_13).
[17:59:11] [main/DEBUG] (FabricLoader/Mixin) Mixin config fabric-lifecycle-events-v1.client.mixins.json does not specify "minVersion" or "requiredFeatures" property
[17:59:11] [main/DEBUG] (FabricLoader/Mixin) Mixin config fabric-block-api-v1.mixins.json does not specify "minVersion" or "requiredFeatures" property
[17:59:11] [main/DEBUG] (FabricLoader/Mixin) Compatibility level JAVA_16 specified by fabric-api-lookup-api-v1.mixins.json is higher than the maximum level supported by this version of mixin (JAVA_13).
[17:59:11] [main/DEBUG] (FabricLoader/Mixin) Mixin config fabric-api-lookup-api-v1.mixins.json does not specify "minVersion" or "requiredFeatures" property
[17:59:11] [main/DEBUG] (FabricLoader/Mixin) Compatibility level JAVA_16 specified by fabric-object-builder-v1.mixins.json is higher than the maximum level supported by this version of mixin (JAVA_13).
[17:59:11] [main/DEBUG] (FabricLoader/Mixin) Mixin config fabric-object-builder-v1.mixins.json does not specify "minVersion" or "requiredFeatures" property
[17:59:11] [main/DEBUG] (FabricLoader/Mixin) Compatibility level JAVA_16 specified by fabric-object-builder-v1.client.mixins.json is higher than the maximum level supported by this version of mixin (JAVA_13).
[17:59:11] [main/DEBUG] (FabricLoader/Mixin) Mixin config fabric-object-builder-v1.client.mixins.json does not specify "minVersion" or "requiredFeatures" property
[17:59:11] [main/DEBUG] (FabricLoader/Mixin) Compatibility level JAVA_16 specified by fabric-renderer-api-v1.mixins.json is higher than the maximum level supported by this version of mixin (JAVA_13).
[17:59:11] [main/DEBUG] (FabricLoader/Mixin) Mixin config fabric-renderer-api-v1.mixins.json does not specify "minVersion" or "requiredFeatures" property
[17:59:11] [main/DEBUG] (FabricLoader/Mixin) Compatibility level JAVA_16 specified by fabric-renderer-api-v1.debughud.mixins.json is higher than the maximum level supported by this version of mixin (JAVA_13).
[17:59:11] [main/DEBUG] (FabricLoader/Mixin) Mixin config fabric-renderer-api-v1.debughud.mixins.json does not specify "minVersion" or "requiredFeatures" property
[17:59:11] [main/DEBUG] (FabricLoader/Mixin) Compatibility level JAVA_16 specified by fabric-game-rule-api-v1.mixins.json is higher than the maximum level supported by this version of mixin (JAVA_13).
[17:59:11] [main/DEBUG] (FabricLoader/Mixin) Mixin config fabric-game-rule-api-v1.mixins.json does not specify "minVersion" or "requiredFeatures" property
[17:59:11] [main/DEBUG] (FabricLoader/Mixin) Compatibility level JAVA_16 specified by fabric-game-rule-api-v1.client.mixins.json is higher than the maximum level supported by this version of mixin (JAVA_13).
[17:59:11] [main/DEBUG] (FabricLoader/Mixin) Mixin config fabric-game-rule-api-v1.client.mixins.json does not specify "minVersion" or "requiredFeatures" property
[17:59:11] [main/DEBUG] (FabricLoader/Mixin) Mixin config fabric-item-group-api-v1.mixins.json does not specify "minVersion" or "requiredFeatures" property
[17:59:11] [main/DEBUG] (FabricLoader/Mixin) Mixin config fabric-item-group-api-v1.client.mixins.json does not specify "minVersion" or "requiredFeatures" property
[17:59:11] [main/DEBUG] (FabricLoader/Mixin) Compatibility level JAVA_16 specified by fabric-entity-events-v1.mixins.json is higher than the maximum level supported by this version of mixin (JAVA_13).
[17:59:11] [main/DEBUG] (FabricLoader/Mixin) Mixin config fabric-entity-events-v1.mixins.json does not specify "minVersion" or "requiredFeatures" property
[17:59:11] [main/DEBUG] (FabricLoader/Mixin) Compatibility level JAVA_16 specified by fabric-entity-events-v1.client.mixins.json is higher than the maximum level supported by this version of mixin (JAVA_13).
[17:59:11] [main/DEBUG] (FabricLoader/Mixin) Mixin config fabric-entity-events-v1.client.mixins.json does not specify "minVersion" or "requiredFeatures" property
[17:59:11] [main/DEBUG] (FabricLoader/Mixin) Compatibility level JAVA_16 specified by fabric-key-binding-api-v1.mixins.json is higher than the maximum level supported by this version of mixin (JAVA_13).
[17:59:11] [main/DEBUG] (FabricLoader/Mixin) Mixin config fabric-key-binding-api-v1.mixins.json does not specify "minVersion" or "requiredFeatures" property
[17:59:11] [main/DEBUG] (FabricLoader/Mixin) Mixin config fabric-block-view-api-v2.mixins.json does not specify "minVersion" or "requiredFeatures" property
[17:59:11] [main/DEBUG] (FabricLoader/Mixin) Mixin config fabric-block-view-api-v2.client.mixins.json does not specify "minVersion" or "requiredFeatures" property
[17:59:11] [main/DEBUG] (FabricLoader/Mixin) Compatibility level JAVA_16 specified by fabric-networking-api-v1.mixins.json is higher than the maximum level supported by this version of mixin (JAVA_13).
[17:59:11] [main/DEBUG] (FabricLoader/Mixin) Mixin config fabric-networking-api-v1.mixins.json does not specify "minVersion" or "requiredFeatures" property
[17:59:11] [main/DEBUG] (FabricLoader/Mixin) Compatibility level JAVA_16 specified by fabric-networking-api-v1.client.mixins.json is higher than the maximum level supported by this version of mixin (JAVA_13).
[17:59:11] [main/DEBUG] (FabricLoader/Mixin) Mixin config fabric-networking-api-v1.client.mixins.json does not specify "minVersion" or "requiredFeatures" property
[17:59:11] [main/DEBUG] (FabricLoader/Mixin) Compatibility level JAVA_16 specified by fabric-item-api-v1.mixins.json is higher than the maximum level supported by this version of mixin (JAVA_13).
[17:59:11] [main/DEBUG] (FabricLoader/Mixin) Mixin config fabric-item-api-v1.mixins.json does not specify "minVersion" or "requiredFeatures" property
[17:59:11] [main/DEBUG] (FabricLoader/Mixin) Compatibility level JAVA_16 specified by fabric-item-api-v1.client.mixins.json is higher than the maximum level supported by this version of mixin (JAVA_13).
[17:59:11] [main/DEBUG] (FabricLoader/Mixin) Mixin config fabric-item-api-v1.client.mixins.json does not specify "minVersion" or "requiredFeatures" property
[17:59:11] [main/DEBUG] (FabricLoader/Mixin) Compatibility level JAVA_16 specified by fabric-command-api-v2.mixins.json is higher than the maximum level supported by this version of mixin (JAVA_13).
[17:59:11] [main/DEBUG] (FabricLoader/Mixin) Mixin config fabric-command-api-v2.mixins.json does not specify "minVersion" or "requiredFeatures" property
[17:59:11] [main/DEBUG] (FabricLoader/Mixin) Compatibility level JAVA_16 specified by fabric-command-api-v2.client.mixins.json is higher than the maximum level supported by this version of mixin (JAVA_13).
[17:59:11] [main/DEBUG] (FabricLoader/Mixin) Mixin config fabric-command-api-v2.client.mixins.json does not specify "minVersion" or "requiredFeatures" property
[17:59:11] [main/DEBUG] (FabricLoader/Mixin) Compatibility level JAVA_16 specified by fabric-loot-tables-v1.mixins.json is higher than the maximum level supported by this version of mixin (JAVA_13).
[17:59:11] [main/DEBUG] (FabricLoader/Mixin) Mixin config fabric-loot-tables-v1.mixins.json does not specify "minVersion" or "requiredFeatures" property
[17:59:11] [main/DEBUG] (FabricLoader/Mixin) Compatibility level JAVA_16 specified by fabric-containers-v0.mixins.json is higher than the maximum level supported by this version of mixin (JAVA_13).
[17:59:11] [main/DEBUG] (FabricLoader/Mixin) Mixin config fabric-containers-v0.mixins.json does not specify "minVersion" or "requiredFeatures" property
[17:59:11] [main/DEBUG] (FabricLoader/Mixin) Compatibility level JAVA_16 specified by fabric-containers-v0.accurate.mixins.json is higher than the maximum level supported by this version of mixin (JAVA_13).
[17:59:11] [main/DEBUG] (FabricLoader/Mixin) Mixin config fabric-containers-v0.accurate.mixins.json does not specify "minVersion" or "requiredFeatures" property
[17:59:11] [main/DEBUG] (FabricLoader/Mixin) Compatibility level JAVA_16 specified by fabric-transfer-api-v1.mixins.json is higher than the maximum level supported by this version of mixin (JAVA_13).
[17:59:11] [main/DEBUG] (FabricLoader/Mixin) Mixin config fabric-transfer-api-v1.mixins.json does not specify "minVersion" or "requiredFeatures" property
[17:59:11] [main/DEBUG] (FabricLoader/Mixin) Compatibility level JAVA_16 specified by fabric-screen-api-v1.mixins.json is higher than the maximum level supported by this version of mixin (JAVA_13).
[17:59:11] [main/DEBUG] (FabricLoader/Mixin) Mixin config fabric-screen-api-v1.mixins.json does not specify "minVersion" or "requiredFeatures" property
[17:59:11] [main/DEBUG] (FabricLoader/Mixin) Compatibility level JAVA_16 specified by fabric-registry-sync-v0.mixins.json is higher than the maximum level supported by this version of mixin (JAVA_13).
[17:59:11] [main/DEBUG] (FabricLoader/Mixin) Mixin config fabric-registry-sync-v0.mixins.json does not specify "minVersion" or "requiredFeatures" property
[17:59:11] [main/DEBUG] (FabricLoader/Mixin) Compatibility level JAVA_16 specified by fabric-registry-sync-v0.client.mixins.json is higher than the maximum level supported by this version of mixin (JAVA_13).
[17:59:11] [main/DEBUG] (FabricLoader/Mixin) Mixin config fabric-registry-sync-v0.client.mixins.json does not specify "minVersion" or "requiredFeatures" property
[17:59:11] [main/DEBUG] (FabricLoader/Mixin) Mixin config mymod.mixins.json does not specify "minVersion" or "requiredFeatures" property
[17:59:11] [main/ERROR] (FabricLoader) Uncaught exception in thread "main"
java.lang.RuntimeException: Error parsing or using Mixin config mymod.client.mixins.json for mod mymod
	at net.fabricmc.loader.impl.launch.FabricMixinBootstrap.init(FabricMixinBootstrap.java:96) ~[fabric-loader-0.16.14.jar:?]
	at net.fabricmc.loader.impl.launch.knot.Knot.init(Knot.java:151) ~[fabric-loader-0.16.14.jar:?]
	at net.fabricmc.loader.impl.launch.knot.Knot.launch(Knot.java:68) ~[fabric-loader-0.16.14.jar:?]
	at net.fabricmc.loader.impl.launch.knot.KnotClient.main(KnotClient.java:23) ~[fabric-loader-0.16.14.jar:?]
	at net.fabricmc.devlaunchinjector.Main.main(Main.java:86) ~[?:?]
Caused by: org.spongepowered.asm.launch.MixinInitialisationError: Error initialising mixin config mymod.client.mixins.json
	at org.spongepowered.asm.mixin.transformer.Config.create(Config.java:168) ~[sponge-mixin-0.15.5+mixin.0.8.7.jar:0.15.5+mixin.0.8.7]
	at org.spongepowered.asm.mixin.Mixins.createConfiguration(Mixins.java:121) ~[sponge-mixin-0.15.5+mixin.0.8.7.jar:0.15.5+mixin.0.8.7]
	at org.spongepowered.asm.mixin.Mixins.addConfiguration(Mixins.java:108) ~[sponge-mixin-0.15.5+mixin.0.8.7.jar:0.15.5+mixin.0.8.7]
	at org.spongepowered.asm.mixin.Mixins.addConfiguration(Mixins.java:98) ~[sponge-mixin-0.15.5+mixin.0.8.7.jar:0.15.5+mixin.0.8.7]
	at net.fabricmc.loader.impl.launch.FabricMixinBootstrap.init(FabricMixinBootstrap.java:94) ~[fabric-loader-0.16.14.jar:?]
	... 4 more
Caused by: java.lang.IllegalArgumentException: The specified resource 'mymod.client.mixins.json' was invalid or could not be read
	at org.spongepowered.asm.mixin.transformer.MixinConfig.create(MixinConfig.java:1395) ~[sponge-mixin-0.15.5+mixin.0.8.7.jar:0.15.5+mixin.0.8.7]
	at org.spongepowered.asm.mixin.transformer.Config.create(Config.java:163) ~[sponge-mixin-0.15.5+mixin.0.8.7.jar:0.15.5+mixin.0.8.7]
	at org.spongepowered.asm.mixin.Mixins.createConfiguration(Mixins.java:121) ~[sponge-mixin-0.15.5+mixin.0.8.7.jar:0.15.5+mixin.0.8.7]
	at org.spongepowered.asm.mixin.Mixins.addConfiguration(Mixins.java:108) ~[sponge-mixin-0.15.5+mixin.0.8.7.jar:0.15.5+mixin.0.8.7]
	at org.spongepowered.asm.mixin.Mixins.addConfiguration(Mixins.java:98) ~[sponge-mixin-0.15.5+mixin.0.8.7.jar:0.15.5+mixin.0.8.7]
	at net.fabricmc.loader.impl.launch.FabricMixinBootstrap.init(FabricMixinBootstrap.java:94) ~[fabric-loader-0.16.14.jar:?]
	... 4 more
